ERROR - 2024-05-28 00:03:13 --> Error connecting to the database: mysqli_sql_exception: No se puede establecer una conexión ya que el equipo de destino denegó expresamente dicha conexión in C:\xampp\htdocs\PROYECTO-API\PROYECTO-API\vendor\codeigniter4\framework\system\Database\MySQLi\Connection.php:184
Stack trace:
#0 C:\xampp\htdocs\PROYECTO-API\PROYECTO-API\vendor\codeigniter4\framework\system\Database\MySQLi\Connection.php(184): mysqli->real_connect('localhost', 'root', Object(SensitiveParameterValue), 'baseapcr', 3306, '', 0)
#1 C:\xampp\htdocs\PROYECTO-API\PROYECTO-API\vendor\codeigniter4\framework\system\Database\BaseConnection.php(392): CodeIgniter\Database\MySQLi\Connection->connect(false)
#2 C:\xampp\htdocs\PROYECTO-API\PROYECTO-API\vendor\codeigniter4\framework\system\Database\BaseConnection.php(575): CodeIgniter\Database\BaseConnection->initialize()
#3 C:\xampp\htdocs\PROYECTO-API\PROYECTO-API\vendor\codeigniter4\framework\system\Database\BaseBuilder.php(1616): CodeIgniter\Database\BaseConnection->query('SELECT 1\nFROM `...', Array, false)
#4 C:\xampp\htdocs\PROYECTO-API\PROYECTO-API\vendor\codeigniter4\framework\system\Validation\StrictRules\Rules.php(227): CodeIgniter\Database\BaseBuilder->get()
#5 C:\xampp\htdocs\PROYECTO-API\PROYECTO-API\vendor\codeigniter4\framework\system\Validation\Validation.php(328): CodeIgniter\Validation\StrictRules\Rules->is_unique('camilo1@gmail.c...', 'email', Array, NULL, 'email')
#6 C:\xampp\htdocs\PROYECTO-API\PROYECTO-API\vendor\codeigniter4\framework\system\Validation\Validation.php(200): CodeIgniter\Validation\Validation->processRules('email', 'email', 'camilo1@gmail.c...', Array, Array)
#7 C:\xampp\htdocs\PROYECTO-API\PROYECTO-API\vendor\codeigniter4\framework\system\Controller.php(154): CodeIgniter\Validation\Validation->run()
#8 C:\xampp\htdocs\PROYECTO-API\PROYECTO-API\app\Controllers\Register.php(21): CodeIgniter\Controller->validate(Array)
#9 C:\xampp\htdocs\PROYECTO-API\PROYECTO-API\vendor\codeigniter4\framework\system\CodeIgniter.php(943): App\Controllers\Register->index()
#10 C:\xampp\htdocs\PROYECTO-API\PROYECTO-API\vendor\codeigniter4\framework\system\CodeIgniter.php(503): CodeIgniter\CodeIgniter->runController(Object(App\Controllers\Register))
#11 C:\xampp\htdocs\PROYECTO-API\PROYECTO-API\vendor\codeigniter4\framework\system\CodeIgniter.php(361): CodeIgniter\CodeIgniter->handleRequest(NULL, Object(Config\Cache), false)
#12 C:\xampp\htdocs\PROYECTO-API\PROYECTO-API\public\index.php(79): CodeIgniter\CodeIgniter->run()
#13 C:\xampp\htdocs\PROYECTO-API\PROYECTO-API\vendor\codeigniter4\framework\system\Commands\Server\rewrite.php(47): require_once('C:\\xampp\\htdocs...')
#14 {main}

Next CodeIgniter\Database\Exceptions\DatabaseException: No se puede establecer una conexión ya que el equipo de destino denegó expresamente dicha conexión in C:\xampp\htdocs\PROYECTO-API\PROYECTO-API\vendor\codeigniter4\framework\system\Database\MySQLi\Connection.php:229
Stack trace:
#0 C:\xampp\htdocs\PROYECTO-API\PROYECTO-API\vendor\codeigniter4\framework\system\Database\BaseConnection.php(392): CodeIgniter\Database\MySQLi\Connection->connect(false)
#1 C:\xampp\htdocs\PROYECTO-API\PROYECTO-API\vendor\codeigniter4\framework\system\Database\BaseConnection.php(575): CodeIgniter\Database\BaseConnection->initialize()
#2 C:\xampp\htdocs\PROYECTO-API\PROYECTO-API\vendor\codeigniter4\framework\system\Database\BaseBuilder.php(1616): CodeIgniter\Database\BaseConnection->query('SELECT 1\nFROM `...', Array, false)
#3 C:\xampp\htdocs\PROYECTO-API\PROYECTO-API\vendor\codeigniter4\framework\system\Validation\StrictRules\Rules.php(227): CodeIgniter\Database\BaseBuilder->get()
#4 C:\xampp\htdocs\PROYECTO-API\PROYECTO-API\vendor\codeigniter4\framework\system\Validation\Validation.php(328): CodeIgniter\Validation\StrictRules\Rules->is_unique('camilo1@gmail.c...', 'email', Array, NULL, 'email')
#5 C:\xampp\htdocs\PROYECTO-API\PROYECTO-API\vendor\codeigniter4\framework\system\Validation\Validation.php(200): CodeIgniter\Validation\Validation->processRules('email', 'email', 'camilo1@gmail.c...', Array, Array)
#6 C:\xampp\htdocs\PROYECTO-API\PROYECTO-API\vendor\codeigniter4\framework\system\Controller.php(154): CodeIgniter\Validation\Validation->run()
#7 C:\xampp\htdocs\PROYECTO-API\PROYECTO-API\app\Controllers\Register.php(21): CodeIgniter\Controller->validate(Array)
#8 C:\xampp\htdocs\PROYECTO-API\PROYECTO-API\vendor\codeigniter4\framework\system\CodeIgniter.php(943): App\Controllers\Register->index()
#9 C:\xampp\htdocs\PROYECTO-API\PROYECTO-API\vendor\codeigniter4\framework\system\CodeIgniter.php(503): CodeIgniter\CodeIgniter->runController(Object(App\Controllers\Register))
#10 C:\xampp\htdocs\PROYECTO-API\PROYECTO-API\vendor\codeigniter4\framework\system\CodeIgniter.php(361): CodeIgniter\CodeIgniter->handleRequest(NULL, Object(Config\Cache), false)
#11 C:\xampp\htdocs\PROYECTO-API\PROYECTO-API\public\index.php(79): CodeIgniter\CodeIgniter->run()
#12 C:\xampp\htdocs\PROYECTO-API\PROYECTO-API\vendor\codeigniter4\framework\system\Commands\Server\rewrite.php(47): require_once('C:\\xampp\\htdocs...')
#13 {main}
CRITICAL - 2024-05-28 00:03:13 --> CodeIgniter\Database\Exceptions\DatabaseException: Unable to connect to the database.
Main connection [MySQLi]: No se puede establecer una conexión ya que el equipo de destino denegó expresamente dicha conexión
in SYSTEMPATH\Database\BaseConnection.php on line 428.
 1 SYSTEMPATH\Database\BaseConnection.php(575): CodeIgniter\Database\BaseConnection->initialize()
 2 SYSTEMPATH\Database\BaseBuilder.php(1616): CodeIgniter\Database\BaseConnection->query('SELECT 1
FROM `users`
WHERE `email` = :email:
 LIMIT 1', [...], false)
 3 SYSTEMPATH\Validation\StrictRules\Rules.php(227): CodeIgniter\Database\BaseBuilder->get()
 4 SYSTEMPATH\Validation\Validation.php(328): CodeIgniter\Validation\StrictRules\Rules->is_unique('camilo1@gmail.com', 'email', [...], null, 'email')
 5 SYSTEMPATH\Validation\Validation.php(200): CodeIgniter\Validation\Validation->processRules('email', 'email', 'camilo1@gmail.com', [...], [...])
 6 SYSTEMPATH\Controller.php(154): CodeIgniter\Validation\Validation->run()
 7 APPPATH\Controllers\Register.php(21): CodeIgniter\Controller->validate([...])
 8 SYSTEMPATH\CodeIgniter.php(943): App\Controllers\Register->index()
 9 SYSTEMPATH\CodeIgniter.php(503): CodeIgniter\CodeIgniter->runController(Object(App\Controllers\Register))
10 SYSTEMPATH\CodeIgniter.php(361): CodeIgniter\CodeIgniter->handleRequest(null, Object(Config\Cache), false)
11 FCPATH\index.php(79): CodeIgniter\CodeIgniter->run()
12 SYSTEMPATH\Commands\Server\rewrite.php(47): require_once('C:\\xampp\\htdocs\\PROYECTO-API\\PROYECTO-API\\public\\index.php')
ERROR - 2024-05-28 00:03:42 --> Error connecting to the database: mysqli_sql_exception: No se puede establecer una conexión ya que el equipo de destino denegó expresamente dicha conexión in C:\xampp\htdocs\PROYECTO-API\PROYECTO-API\vendor\codeigniter4\framework\system\Database\MySQLi\Connection.php:184
Stack trace:
#0 C:\xampp\htdocs\PROYECTO-API\PROYECTO-API\vendor\codeigniter4\framework\system\Database\MySQLi\Connection.php(184): mysqli->real_connect('localhost', 'root', Object(SensitiveParameterValue), 'baseapcr', 3306, '', 0)
#1 C:\xampp\htdocs\PROYECTO-API\PROYECTO-API\vendor\codeigniter4\framework\system\Database\BaseConnection.php(392): CodeIgniter\Database\MySQLi\Connection->connect(false)
#2 C:\xampp\htdocs\PROYECTO-API\PROYECTO-API\vendor\codeigniter4\framework\system\Database\BaseConnection.php(575): CodeIgniter\Database\BaseConnection->initialize()
#3 C:\xampp\htdocs\PROYECTO-API\PROYECTO-API\vendor\codeigniter4\framework\system\Database\BaseBuilder.php(1616): CodeIgniter\Database\BaseConnection->query('SELECT 1\nFROM `...', Array, false)
#4 C:\xampp\htdocs\PROYECTO-API\PROYECTO-API\vendor\codeigniter4\framework\system\Validation\StrictRules\Rules.php(227): CodeIgniter\Database\BaseBuilder->get()
#5 C:\xampp\htdocs\PROYECTO-API\PROYECTO-API\vendor\codeigniter4\framework\system\Validation\Validation.php(328): CodeIgniter\Validation\StrictRules\Rules->is_unique('camilo1@gmail.c...', 'email', Array, NULL, 'email')
#6 C:\xampp\htdocs\PROYECTO-API\PROYECTO-API\vendor\codeigniter4\framework\system\Validation\Validation.php(200): CodeIgniter\Validation\Validation->processRules('email', 'email', 'camilo1@gmail.c...', Array, Array)
#7 C:\xampp\htdocs\PROYECTO-API\PROYECTO-API\vendor\codeigniter4\framework\system\Controller.php(154): CodeIgniter\Validation\Validation->run()
#8 C:\xampp\htdocs\PROYECTO-API\PROYECTO-API\app\Controllers\Register.php(21): CodeIgniter\Controller->validate(Array)
#9 C:\xampp\htdocs\PROYECTO-API\PROYECTO-API\vendor\codeigniter4\framework\system\CodeIgniter.php(943): App\Controllers\Register->index()
#10 C:\xampp\htdocs\PROYECTO-API\PROYECTO-API\vendor\codeigniter4\framework\system\CodeIgniter.php(503): CodeIgniter\CodeIgniter->runController(Object(App\Controllers\Register))
#11 C:\xampp\htdocs\PROYECTO-API\PROYECTO-API\vendor\codeigniter4\framework\system\CodeIgniter.php(361): CodeIgniter\CodeIgniter->handleRequest(NULL, Object(Config\Cache), false)
#12 C:\xampp\htdocs\PROYECTO-API\PROYECTO-API\public\index.php(79): CodeIgniter\CodeIgniter->run()
#13 C:\xampp\htdocs\PROYECTO-API\PROYECTO-API\vendor\codeigniter4\framework\system\Commands\Server\rewrite.php(47): require_once('C:\\xampp\\htdocs...')
#14 {main}

Next CodeIgniter\Database\Exceptions\DatabaseException: No se puede establecer una conexión ya que el equipo de destino denegó expresamente dicha conexión in C:\xampp\htdocs\PROYECTO-API\PROYECTO-API\vendor\codeigniter4\framework\system\Database\MySQLi\Connection.php:229
Stack trace:
#0 C:\xampp\htdocs\PROYECTO-API\PROYECTO-API\vendor\codeigniter4\framework\system\Database\BaseConnection.php(392): CodeIgniter\Database\MySQLi\Connection->connect(false)
#1 C:\xampp\htdocs\PROYECTO-API\PROYECTO-API\vendor\codeigniter4\framework\system\Database\BaseConnection.php(575): CodeIgniter\Database\BaseConnection->initialize()
#2 C:\xampp\htdocs\PROYECTO-API\PROYECTO-API\vendor\codeigniter4\framework\system\Database\BaseBuilder.php(1616): CodeIgniter\Database\BaseConnection->query('SELECT 1\nFROM `...', Array, false)
#3 C:\xampp\htdocs\PROYECTO-API\PROYECTO-API\vendor\codeigniter4\framework\system\Validation\StrictRules\Rules.php(227): CodeIgniter\Database\BaseBuilder->get()
#4 C:\xampp\htdocs\PROYECTO-API\PROYECTO-API\vendor\codeigniter4\framework\system\Validation\Validation.php(328): CodeIgniter\Validation\StrictRules\Rules->is_unique('camilo1@gmail.c...', 'email', Array, NULL, 'email')
#5 C:\xampp\htdocs\PROYECTO-API\PROYECTO-API\vendor\codeigniter4\framework\system\Validation\Validation.php(200): CodeIgniter\Validation\Validation->processRules('email', 'email', 'camilo1@gmail.c...', Array, Array)
#6 C:\xampp\htdocs\PROYECTO-API\PROYECTO-API\vendor\codeigniter4\framework\system\Controller.php(154): CodeIgniter\Validation\Validation->run()
#7 C:\xampp\htdocs\PROYECTO-API\PROYECTO-API\app\Controllers\Register.php(21): CodeIgniter\Controller->validate(Array)
#8 C:\xampp\htdocs\PROYECTO-API\PROYECTO-API\vendor\codeigniter4\framework\system\CodeIgniter.php(943): App\Controllers\Register->index()
#9 C:\xampp\htdocs\PROYECTO-API\PROYECTO-API\vendor\codeigniter4\framework\system\CodeIgniter.php(503): CodeIgniter\CodeIgniter->runController(Object(App\Controllers\Register))
#10 C:\xampp\htdocs\PROYECTO-API\PROYECTO-API\vendor\codeigniter4\framework\system\CodeIgniter.php(361): CodeIgniter\CodeIgniter->handleRequest(NULL, Object(Config\Cache), false)
#11 C:\xampp\htdocs\PROYECTO-API\PROYECTO-API\public\index.php(79): CodeIgniter\CodeIgniter->run()
#12 C:\xampp\htdocs\PROYECTO-API\PROYECTO-API\vendor\codeigniter4\framework\system\Commands\Server\rewrite.php(47): require_once('C:\\xampp\\htdocs...')
#13 {main}
CRITICAL - 2024-05-28 00:03:42 --> CodeIgniter\Database\Exceptions\DatabaseException: Unable to connect to the database.
Main connection [MySQLi]: No se puede establecer una conexión ya que el equipo de destino denegó expresamente dicha conexión
in SYSTEMPATH\Database\BaseConnection.php on line 428.
 1 SYSTEMPATH\Database\BaseConnection.php(575): CodeIgniter\Database\BaseConnection->initialize()
 2 SYSTEMPATH\Database\BaseBuilder.php(1616): CodeIgniter\Database\BaseConnection->query('SELECT 1
FROM `users`
WHERE `email` = :email:
 LIMIT 1', [...], false)
 3 SYSTEMPATH\Validation\StrictRules\Rules.php(227): CodeIgniter\Database\BaseBuilder->get()
 4 SYSTEMPATH\Validation\Validation.php(328): CodeIgniter\Validation\StrictRules\Rules->is_unique('camilo1@gmail.com', 'email', [...], null, 'email')
 5 SYSTEMPATH\Validation\Validation.php(200): CodeIgniter\Validation\Validation->processRules('email', 'email', 'camilo1@gmail.com', [...], [...])
 6 SYSTEMPATH\Controller.php(154): CodeIgniter\Validation\Validation->run()
 7 APPPATH\Controllers\Register.php(21): CodeIgniter\Controller->validate([...])
 8 SYSTEMPATH\CodeIgniter.php(943): App\Controllers\Register->index()
 9 SYSTEMPATH\CodeIgniter.php(503): CodeIgniter\CodeIgniter->runController(Object(App\Controllers\Register))
10 SYSTEMPATH\CodeIgniter.php(361): CodeIgniter\CodeIgniter->handleRequest(null, Object(Config\Cache), false)
11 FCPATH\index.php(79): CodeIgniter\CodeIgniter->run()
12 SYSTEMPATH\Commands\Server\rewrite.php(47): require_once('C:\\xampp\\htdocs\\PROYECTO-API\\PROYECTO-API\\public\\index.php')
ERROR - 2024-05-28 00:04:13 --> Error connecting to the database: mysqli_sql_exception: No se puede establecer una conexión ya que el equipo de destino denegó expresamente dicha conexión in C:\xampp\htdocs\PROYECTO-API\PROYECTO-API\vendor\codeigniter4\framework\system\Database\MySQLi\Connection.php:184
Stack trace:
#0 C:\xampp\htdocs\PROYECTO-API\PROYECTO-API\vendor\codeigniter4\framework\system\Database\MySQLi\Connection.php(184): mysqli->real_connect('localhost', 'root', Object(SensitiveParameterValue), 'baseapcr', 3306, '', 0)
#1 C:\xampp\htdocs\PROYECTO-API\PROYECTO-API\vendor\codeigniter4\framework\system\Database\BaseConnection.php(392): CodeIgniter\Database\MySQLi\Connection->connect(false)
#2 C:\xampp\htdocs\PROYECTO-API\PROYECTO-API\vendor\codeigniter4\framework\system\Database\BaseConnection.php(575): CodeIgniter\Database\BaseConnection->initialize()
#3 C:\xampp\htdocs\PROYECTO-API\PROYECTO-API\vendor\codeigniter4\framework\system\Database\BaseBuilder.php(1616): CodeIgniter\Database\BaseConnection->query('SELECT *\nFROM `...', Array, false)
#4 C:\xampp\htdocs\PROYECTO-API\PROYECTO-API\vendor\codeigniter4\framework\system\Model.php(271): CodeIgniter\Database\BaseBuilder->get()
#5 C:\xampp\htdocs\PROYECTO-API\PROYECTO-API\vendor\codeigniter4\framework\system\BaseModel.php(679): CodeIgniter\Model->doFirst()
#6 C:\xampp\htdocs\PROYECTO-API\PROYECTO-API\app\Controllers\Login.php(19): CodeIgniter\BaseModel->first()
#7 C:\xampp\htdocs\PROYECTO-API\PROYECTO-API\vendor\codeigniter4\framework\system\CodeIgniter.php(943): App\Controllers\Login->index()
#8 C:\xampp\htdocs\PROYECTO-API\PROYECTO-API\vendor\codeigniter4\framework\system\CodeIgniter.php(503): CodeIgniter\CodeIgniter->runController(Object(App\Controllers\Login))
#9 C:\xampp\htdocs\PROYECTO-API\PROYECTO-API\vendor\codeigniter4\framework\system\CodeIgniter.php(361): CodeIgniter\CodeIgniter->handleRequest(NULL, Object(Config\Cache), false)
#10 C:\xampp\htdocs\PROYECTO-API\PROYECTO-API\public\index.php(79): CodeIgniter\CodeIgniter->run()
#11 C:\xampp\htdocs\PROYECTO-API\PROYECTO-API\vendor\codeigniter4\framework\system\Commands\Server\rewrite.php(47): require_once('C:\\xampp\\htdocs...')
#12 {main}

Next CodeIgniter\Database\Exceptions\DatabaseException: No se puede establecer una conexión ya que el equipo de destino denegó expresamente dicha conexión in C:\xampp\htdocs\PROYECTO-API\PROYECTO-API\vendor\codeigniter4\framework\system\Database\MySQLi\Connection.php:229
Stack trace:
#0 C:\xampp\htdocs\PROYECTO-API\PROYECTO-API\vendor\codeigniter4\framework\system\Database\BaseConnection.php(392): CodeIgniter\Database\MySQLi\Connection->connect(false)
#1 C:\xampp\htdocs\PROYECTO-API\PROYECTO-API\vendor\codeigniter4\framework\system\Database\BaseConnection.php(575): CodeIgniter\Database\BaseConnection->initialize()
#2 C:\xampp\htdocs\PROYECTO-API\PROYECTO-API\vendor\codeigniter4\framework\system\Database\BaseBuilder.php(1616): CodeIgniter\Database\BaseConnection->query('SELECT *\nFROM `...', Array, false)
#3 C:\xampp\htdocs\PROYECTO-API\PROYECTO-API\vendor\codeigniter4\framework\system\Model.php(271): CodeIgniter\Database\BaseBuilder->get()
#4 C:\xampp\htdocs\PROYECTO-API\PROYECTO-API\vendor\codeigniter4\framework\system\BaseModel.php(679): CodeIgniter\Model->doFirst()
#5 C:\xampp\htdocs\PROYECTO-API\PROYECTO-API\app\Controllers\Login.php(19): CodeIgniter\BaseModel->first()
#6 C:\xampp\htdocs\PROYECTO-API\PROYECTO-API\vendor\codeigniter4\framework\system\CodeIgniter.php(943): App\Controllers\Login->index()
#7 C:\xampp\htdocs\PROYECTO-API\PROYECTO-API\vendor\codeigniter4\framework\system\CodeIgniter.php(503): CodeIgniter\CodeIgniter->runController(Object(App\Controllers\Login))
#8 C:\xampp\htdocs\PROYECTO-API\PROYECTO-API\vendor\codeigniter4\framework\system\CodeIgniter.php(361): CodeIgniter\CodeIgniter->handleRequest(NULL, Object(Config\Cache), false)
#9 C:\xampp\htdocs\PROYECTO-API\PROYECTO-API\public\index.php(79): CodeIgniter\CodeIgniter->run()
#10 C:\xampp\htdocs\PROYECTO-API\PROYECTO-API\vendor\codeigniter4\framework\system\Commands\Server\rewrite.php(47): require_once('C:\\xampp\\htdocs...')
#11 {main}
CRITICAL - 2024-05-28 00:04:13 --> CodeIgniter\Database\Exceptions\DatabaseException: Unable to connect to the database.
Main connection [MySQLi]: No se puede establecer una conexión ya que el equipo de destino denegó expresamente dicha conexión
in SYSTEMPATH\Database\BaseConnection.php on line 428.
 1 SYSTEMPATH\Database\BaseConnection.php(575): CodeIgniter\Database\BaseConnection->initialize()
 2 SYSTEMPATH\Database\BaseBuilder.php(1616): CodeIgniter\Database\BaseConnection->query('SELECT *
FROM `users`
WHERE `email` = :email:
 LIMIT 1', [...], false)
 3 SYSTEMPATH\Model.php(271): CodeIgniter\Database\BaseBuilder->get()
 4 SYSTEMPATH\BaseModel.php(679): CodeIgniter\Model->doFirst()
 5 APPPATH\Controllers\Login.php(19): CodeIgniter\BaseModel->first()
 6 SYSTEMPATH\CodeIgniter.php(943): App\Controllers\Login->index()
 7 SYSTEMPATH\CodeIgniter.php(503): CodeIgniter\CodeIgniter->runController(Object(App\Controllers\Login))
 8 SYSTEMPATH\CodeIgniter.php(361): CodeIgniter\CodeIgniter->handleRequest(null, Object(Config\Cache), false)
 9 FCPATH\index.php(79): CodeIgniter\CodeIgniter->run()
10 SYSTEMPATH\Commands\Server\rewrite.php(47): require_once('C:\\xampp\\htdocs\\PROYECTO-API\\PROYECTO-API\\public\\index.php')
ERROR - 2024-05-28 00:06:37 --> Error connecting to the database: mysqli_sql_exception: No se puede establecer una conexión ya que el equipo de destino denegó expresamente dicha conexión in C:\xampp\htdocs\PROYECTO-API\PROYECTO-API\vendor\codeigniter4\framework\system\Database\MySQLi\Connection.php:184
Stack trace:
#0 C:\xampp\htdocs\PROYECTO-API\PROYECTO-API\vendor\codeigniter4\framework\system\Database\MySQLi\Connection.php(184): mysqli->real_connect('localhost', 'root', Object(SensitiveParameterValue), 'baseapcr', 3306, '', 0)
#1 C:\xampp\htdocs\PROYECTO-API\PROYECTO-API\vendor\codeigniter4\framework\system\Database\BaseConnection.php(392): CodeIgniter\Database\MySQLi\Connection->connect(false)
#2 C:\xampp\htdocs\PROYECTO-API\PROYECTO-API\vendor\codeigniter4\framework\system\Database\BaseConnection.php(575): CodeIgniter\Database\BaseConnection->initialize()
#3 C:\xampp\htdocs\PROYECTO-API\PROYECTO-API\vendor\codeigniter4\framework\system\Database\BaseBuilder.php(1616): CodeIgniter\Database\BaseConnection->query('SELECT *\nFROM `...', Array, false)
#4 C:\xampp\htdocs\PROYECTO-API\PROYECTO-API\vendor\codeigniter4\framework\system\Model.php(271): CodeIgniter\Database\BaseBuilder->get()
#5 C:\xampp\htdocs\PROYECTO-API\PROYECTO-API\vendor\codeigniter4\framework\system\BaseModel.php(679): CodeIgniter\Model->doFirst()
#6 C:\xampp\htdocs\PROYECTO-API\PROYECTO-API\app\Controllers\Login.php(19): CodeIgniter\BaseModel->first()
#7 C:\xampp\htdocs\PROYECTO-API\PROYECTO-API\vendor\codeigniter4\framework\system\CodeIgniter.php(943): App\Controllers\Login->index()
#8 C:\xampp\htdocs\PROYECTO-API\PROYECTO-API\vendor\codeigniter4\framework\system\CodeIgniter.php(503): CodeIgniter\CodeIgniter->runController(Object(App\Controllers\Login))
#9 C:\xampp\htdocs\PROYECTO-API\PROYECTO-API\vendor\codeigniter4\framework\system\CodeIgniter.php(361): CodeIgniter\CodeIgniter->handleRequest(NULL, Object(Config\Cache), false)
#10 C:\xampp\htdocs\PROYECTO-API\PROYECTO-API\public\index.php(79): CodeIgniter\CodeIgniter->run()
#11 C:\xampp\htdocs\PROYECTO-API\PROYECTO-API\vendor\codeigniter4\framework\system\Commands\Server\rewrite.php(47): require_once('C:\\xampp\\htdocs...')
#12 {main}

Next CodeIgniter\Database\Exceptions\DatabaseException: No se puede establecer una conexión ya que el equipo de destino denegó expresamente dicha conexión in C:\xampp\htdocs\PROYECTO-API\PROYECTO-API\vendor\codeigniter4\framework\system\Database\MySQLi\Connection.php:229
Stack trace:
#0 C:\xampp\htdocs\PROYECTO-API\PROYECTO-API\vendor\codeigniter4\framework\system\Database\BaseConnection.php(392): CodeIgniter\Database\MySQLi\Connection->connect(false)
#1 C:\xampp\htdocs\PROYECTO-API\PROYECTO-API\vendor\codeigniter4\framework\system\Database\BaseConnection.php(575): CodeIgniter\Database\BaseConnection->initialize()
#2 C:\xampp\htdocs\PROYECTO-API\PROYECTO-API\vendor\codeigniter4\framework\system\Database\BaseBuilder.php(1616): CodeIgniter\Database\BaseConnection->query('SELECT *\nFROM `...', Array, false)
#3 C:\xampp\htdocs\PROYECTO-API\PROYECTO-API\vendor\codeigniter4\framework\system\Model.php(271): CodeIgniter\Database\BaseBuilder->get()
#4 C:\xampp\htdocs\PROYECTO-API\PROYECTO-API\vendor\codeigniter4\framework\system\BaseModel.php(679): CodeIgniter\Model->doFirst()
#5 C:\xampp\htdocs\PROYECTO-API\PROYECTO-API\app\Controllers\Login.php(19): CodeIgniter\BaseModel->first()
#6 C:\xampp\htdocs\PROYECTO-API\PROYECTO-API\vendor\codeigniter4\framework\system\CodeIgniter.php(943): App\Controllers\Login->index()
#7 C:\xampp\htdocs\PROYECTO-API\PROYECTO-API\vendor\codeigniter4\framework\system\CodeIgniter.php(503): CodeIgniter\CodeIgniter->runController(Object(App\Controllers\Login))
#8 C:\xampp\htdocs\PROYECTO-API\PROYECTO-API\vendor\codeigniter4\framework\system\CodeIgniter.php(361): CodeIgniter\CodeIgniter->handleRequest(NULL, Object(Config\Cache), false)
#9 C:\xampp\htdocs\PROYECTO-API\PROYECTO-API\public\index.php(79): CodeIgniter\CodeIgniter->run()
#10 C:\xampp\htdocs\PROYECTO-API\PROYECTO-API\vendor\codeigniter4\framework\system\Commands\Server\rewrite.php(47): require_once('C:\\xampp\\htdocs...')
#11 {main}
CRITICAL - 2024-05-28 00:06:37 --> CodeIgniter\Database\Exceptions\DatabaseException: Unable to connect to the database.
Main connection [MySQLi]: No se puede establecer una conexión ya que el equipo de destino denegó expresamente dicha conexión
in SYSTEMPATH\Database\BaseConnection.php on line 428.
 1 SYSTEMPATH\Database\BaseConnection.php(575): CodeIgniter\Database\BaseConnection->initialize()
 2 SYSTEMPATH\Database\BaseBuilder.php(1616): CodeIgniter\Database\BaseConnection->query('SELECT *
FROM `users`
WHERE `email` = :email:
 LIMIT 1', [...], false)
 3 SYSTEMPATH\Model.php(271): CodeIgniter\Database\BaseBuilder->get()
 4 SYSTEMPATH\BaseModel.php(679): CodeIgniter\Model->doFirst()
 5 APPPATH\Controllers\Login.php(19): CodeIgniter\BaseModel->first()
 6 SYSTEMPATH\CodeIgniter.php(943): App\Controllers\Login->index()
 7 SYSTEMPATH\CodeIgniter.php(503): CodeIgniter\CodeIgniter->runController(Object(App\Controllers\Login))
 8 SYSTEMPATH\CodeIgniter.php(361): CodeIgniter\CodeIgniter->handleRequest(null, Object(Config\Cache), false)
 9 FCPATH\index.php(79): CodeIgniter\CodeIgniter->run()
10 SYSTEMPATH\Commands\Server\rewrite.php(47): require_once('C:\\xampp\\htdocs\\PROYECTO-API\\PROYECTO-API\\public\\index.php')
CRITICAL - 2024-05-28 00:18:06 --> CodeIgniter\Validation\Exceptions\ValidationException: "valid_identificacion" is not a valid rule.
in SYSTEMPATH\Validation\Validation.php on line 336.
 1 SYSTEMPATH\Validation\Validation.php(336): CodeIgniter\Validation\Exceptions\ValidationException::forRuleNotFound('valid_identificacion')
 2 SYSTEMPATH\Validation\Validation.php(200): CodeIgniter\Validation\Validation->processRules('identificacion', 'identificacion', '123456789', [...], [...])
 3 SYSTEMPATH\Controller.php(154): CodeIgniter\Validation\Validation->run()
 4 APPPATH\Controllers\Residente.php(27): CodeIgniter\Controller->validate([...])
 5 SYSTEMPATH\CodeIgniter.php(943): App\Controllers\Residente->insert()
 6 SYSTEMPATH\CodeIgniter.php(503): CodeIgniter\CodeIgniter->runController(Object(App\Controllers\Residente))
 7 SYSTEMPATH\CodeIgniter.php(361): CodeIgniter\CodeIgniter->handleRequest(null, Object(Config\Cache), false)
 8 FCPATH\index.php(79): CodeIgniter\CodeIgniter->run()
 9 SYSTEMPATH\Commands\Server\rewrite.php(47): require_once('C:\\xampp\\htdocs\\PROYECTO-API\\PROYECTO-API\\public\\index.php')
CRITICAL - 2024-05-28 00:18:52 --> Error: Call to undefined method App\Controllers\Residente::fail()
in APPPATH\Controllers\Residente.php on line 46.
 1 SYSTEMPATH\CodeIgniter.php(943): App\Controllers\Residente->insert()
 2 SYSTEMPATH\CodeIgniter.php(503): CodeIgniter\CodeIgniter->runController(Object(App\Controllers\Residente))
 3 SYSTEMPATH\CodeIgniter.php(361): CodeIgniter\CodeIgniter->handleRequest(null, Object(Config\Cache), false)
 4 FCPATH\index.php(79): CodeIgniter\CodeIgniter->run()
 5 SYSTEMPATH\Commands\Server\rewrite.php(47): require_once('C:\\xampp\\htdocs\\PROYECTO-API\\PROYECTO-API\\public\\index.php')
CRITICAL - 2024-05-28 00:20:53 --> Error: Call to undefined method App\Controllers\Residente::respond()
in APPPATH\Controllers\Residente.php on line 40.
 1 SYSTEMPATH\CodeIgniter.php(943): App\Controllers\Residente->insert()
 2 SYSTEMPATH\CodeIgniter.php(503): CodeIgniter\CodeIgniter->runController(Object(App\Controllers\Residente))
 3 SYSTEMPATH\CodeIgniter.php(361): CodeIgniter\CodeIgniter->handleRequest(null, Object(Config\Cache), false)
 4 FCPATH\index.php(79): CodeIgniter\CodeIgniter->run()
 5 SYSTEMPATH\Commands\Server\rewrite.php(47): require_once('C:\\xampp\\htdocs\\PROYECTO-API\\PROYECTO-API\\public\\index.php')
CRITICAL - 2024-05-28 00:23:18 --> Error: Call to undefined method App\Controllers\Residente::respond()
in APPPATH\Controllers\Residente.php on line 40.
 1 SYSTEMPATH\CodeIgniter.php(943): App\Controllers\Residente->insert()
 2 SYSTEMPATH\CodeIgniter.php(503): CodeIgniter\CodeIgniter->runController(Object(App\Controllers\Residente))
 3 SYSTEMPATH\CodeIgniter.php(361): CodeIgniter\CodeIgniter->handleRequest(null, Object(Config\Cache), false)
 4 FCPATH\index.php(79): CodeIgniter\CodeIgniter->run()
 5 SYSTEMPATH\Commands\Server\rewrite.php(47): require_once('C:\\xampp\\htdocs\\PROYECTO-API\\PROYECTO-API\\public\\index.php')
CRITICAL - 2024-05-28 00:26:28 --> Error: Call to undefined method App\Controllers\Residente::respond()
in APPPATH\Controllers\Residente.php on line 40.
 1 SYSTEMPATH\CodeIgniter.php(943): App\Controllers\Residente->insert()
 2 SYSTEMPATH\CodeIgniter.php(503): CodeIgniter\CodeIgniter->runController(Object(App\Controllers\Residente))
 3 SYSTEMPATH\CodeIgniter.php(361): CodeIgniter\CodeIgniter->handleRequest(null, Object(Config\Cache), false)
 4 FCPATH\index.php(79): CodeIgniter\CodeIgniter->run()
 5 SYSTEMPATH\Commands\Server\rewrite.php(47): require_once('C:\\xampp\\htdocs\\PROYECTO-API\\PROYECTO-API\\public\\index.php')
CRITICAL - 2024-05-28 00:28:05 --> Error: Call to undefined method App\Controllers\Residente::fail()
in APPPATH\Controllers\Residente.php on line 46.
 1 SYSTEMPATH\CodeIgniter.php(943): App\Controllers\Residente->insert()
 2 SYSTEMPATH\CodeIgniter.php(503): CodeIgniter\CodeIgniter->runController(Object(App\Controllers\Residente))
 3 SYSTEMPATH\CodeIgniter.php(361): CodeIgniter\CodeIgniter->handleRequest(null, Object(Config\Cache), false)
 4 FCPATH\index.php(79): CodeIgniter\CodeIgniter->run()
 5 SYSTEMPATH\Commands\Server\rewrite.php(47): require_once('C:\\xampp\\htdocs\\PROYECTO-API\\PROYECTO-API\\public\\index.php')
CRITICAL - 2024-05-28 00:54:29 --> ErrorException: Undefined variable $tb_residente
in APPPATH\Controllers\Residente.php on line 57.
 1 APPPATH\Controllers\Residente.php(57): CodeIgniter\Debug\Exceptions->errorHandler(2, 'Undefined variable $tb_residente', 'C:\\xampp\\htdocs\\PROYECTO-API\\PROYECTO-API\\app\\Controllers\\Residente.php', 57)
 2 SYSTEMPATH\CodeIgniter.php(943): App\Controllers\Residente->update()
 3 SYSTEMPATH\CodeIgniter.php(503): CodeIgniter\CodeIgniter->runController(Object(App\Controllers\Residente))
 4 SYSTEMPATH\CodeIgniter.php(361): CodeIgniter\CodeIgniter->handleRequest(null, Object(Config\Cache), false)
 5 FCPATH\index.php(79): CodeIgniter\CodeIgniter->run()
 6 SYSTEMPATH\Commands\Server\rewrite.php(47): require_once('C:\\xampp\\htdocs\\PROYECTO-API\\PROYECTO-API\\public\\index.php')
ERROR - 2024-05-28 00:58:49 --> mysqli_sql_exception: Table 'baseapcr.residente' doesn't exist in C:\xampp\htdocs\PROYECTO-API\PROYECTO-API\vendor\codeigniter4\framework\system\Database\MySQLi\Connection.php:306
Stack trace:
#0 C:\xampp\htdocs\PROYECTO-API\PROYECTO-API\vendor\codeigniter4\framework\system\Database\MySQLi\Connection.php(306): mysqli->query('SELECT 1\nFROM `...', 0)
#1 C:\xampp\htdocs\PROYECTO-API\PROYECTO-API\vendor\codeigniter4\framework\system\Database\BaseConnection.php(693): CodeIgniter\Database\MySQLi\Connection->execute('SELECT 1\nFROM `...')
#2 C:\xampp\htdocs\PROYECTO-API\PROYECTO-API\vendor\codeigniter4\framework\system\Database\BaseConnection.php(607): CodeIgniter\Database\BaseConnection->simpleQuery('SELECT 1\nFROM `...')
#3 C:\xampp\htdocs\PROYECTO-API\PROYECTO-API\vendor\codeigniter4\framework\system\Database\BaseBuilder.php(1616): CodeIgniter\Database\BaseConnection->query('SELECT 1\nFROM `...', Array, false)
#4 C:\xampp\htdocs\PROYECTO-API\PROYECTO-API\vendor\codeigniter4\framework\system\Validation\StrictRules\Rules.php(227): CodeIgniter\Database\BaseBuilder->get()
#5 C:\xampp\htdocs\PROYECTO-API\PROYECTO-API\vendor\codeigniter4\framework\system\Validation\Validation.php(328): CodeIgniter\Validation\StrictRules\Rules->is_unique('123456789', 'identificacion', Array, NULL, 'identificacion')
#6 C:\xampp\htdocs\PROYECTO-API\PROYECTO-API\vendor\codeigniter4\framework\system\Validation\Validation.php(200): CodeIgniter\Validation\Validation->processRules('identificacion', 'identificacion', '123456789', Array, Array)
#7 C:\xampp\htdocs\PROYECTO-API\PROYECTO-API\vendor\codeigniter4\framework\system\Controller.php(154): CodeIgniter\Validation\Validation->run()
#8 C:\xampp\htdocs\PROYECTO-API\PROYECTO-API\app\Controllers\Residente.php(27): CodeIgniter\Controller->validate(Array)
#9 C:\xampp\htdocs\PROYECTO-API\PROYECTO-API\vendor\codeigniter4\framework\system\CodeIgniter.php(943): App\Controllers\Residente->insert()
#10 C:\xampp\htdocs\PROYECTO-API\PROYECTO-API\vendor\codeigniter4\framework\system\CodeIgniter.php(503): CodeIgniter\CodeIgniter->runController(Object(App\Controllers\Residente))
#11 C:\xampp\htdocs\PROYECTO-API\PROYECTO-API\vendor\codeigniter4\framework\system\CodeIgniter.php(361): CodeIgniter\CodeIgniter->handleRequest(NULL, Object(Config\Cache), false)
#12 C:\xampp\htdocs\PROYECTO-API\PROYECTO-API\public\index.php(79): CodeIgniter\CodeIgniter->run()
#13 C:\xampp\htdocs\PROYECTO-API\PROYECTO-API\vendor\codeigniter4\framework\system\Commands\Server\rewrite.php(47): require_once('C:\\xampp\\htdocs...')
#14 {main}
CRITICAL - 2024-05-28 00:58:49 --> CodeIgniter\Database\Exceptions\DatabaseException: Table 'baseapcr.residente' doesn't exist
in SYSTEMPATH\Database\BaseConnection.php on line 647.
 1 SYSTEMPATH\Database\BaseBuilder.php(1616): CodeIgniter\Database\BaseConnection->query('SELECT 1
FROM `residente`
WHERE `identificacion` = :identificacion:
 LIMIT 1', [...], false)
 2 SYSTEMPATH\Validation\StrictRules\Rules.php(227): CodeIgniter\Database\BaseBuilder->get()
 3 SYSTEMPATH\Validation\Validation.php(328): CodeIgniter\Validation\StrictRules\Rules->is_unique('123456789', 'identificacion', [...], null, 'identificacion')
 4 SYSTEMPATH\Validation\Validation.php(200): CodeIgniter\Validation\Validation->processRules('identificacion', 'identificacion', '123456789', [...], [...])
 5 SYSTEMPATH\Controller.php(154): CodeIgniter\Validation\Validation->run()
 6 APPPATH\Controllers\Residente.php(27): CodeIgniter\Controller->validate([...])
 7 SYSTEMPATH\CodeIgniter.php(943): App\Controllers\Residente->insert()
 8 SYSTEMPATH\CodeIgniter.php(503): CodeIgniter\CodeIgniter->runController(Object(App\Controllers\Residente))
 9 SYSTEMPATH\CodeIgniter.php(361): CodeIgniter\CodeIgniter->handleRequest(null, Object(Config\Cache), false)
10 FCPATH\index.php(79): CodeIgniter\CodeIgniter->run()
11 SYSTEMPATH\Commands\Server\rewrite.php(47): require_once('C:\\xampp\\htdocs\\PROYECTO-API\\PROYECTO-API\\public\\index.php')
CRITICAL - 2024-05-28 00:58:49 --> [Caused by] CodeIgniter\Database\Exceptions\DatabaseException: Table 'baseapcr.residente' doesn't exist
in SYSTEMPATH\Database\MySQLi\Connection.php on line 311.
 1 SYSTEMPATH\Database\BaseConnection.php(693): CodeIgniter\Database\MySQLi\Connection->execute('SELECT 1
FROM `residente`
WHERE `identificacion` = \'123456789\'
 LIMIT 1')
 2 SYSTEMPATH\Database\BaseConnection.php(607): CodeIgniter\Database\BaseConnection->simpleQuery('SELECT 1
FROM `residente`
WHERE `identificacion` = \'123456789\'
 LIMIT 1')
 3 SYSTEMPATH\Database\BaseBuilder.php(1616): CodeIgniter\Database\BaseConnection->query('SELECT 1
FROM `residente`
WHERE `identificacion` = :identificacion:
 LIMIT 1', [...], false)
 4 SYSTEMPATH\Validation\StrictRules\Rules.php(227): CodeIgniter\Database\BaseBuilder->get()
 5 SYSTEMPATH\Validation\Validation.php(328): CodeIgniter\Validation\StrictRules\Rules->is_unique('123456789', 'identificacion', [...], null, 'identificacion')
 6 SYSTEMPATH\Validation\Validation.php(200): CodeIgniter\Validation\Validation->processRules('identificacion', 'identificacion', '123456789', [...], [...])
 7 SYSTEMPATH\Controller.php(154): CodeIgniter\Validation\Validation->run()
 8 APPPATH\Controllers\Residente.php(27): CodeIgniter\Controller->validate([...])
 9 SYSTEMPATH\CodeIgniter.php(943): App\Controllers\Residente->insert()
10 SYSTEMPATH\CodeIgniter.php(503): CodeIgniter\CodeIgniter->runController(Object(App\Controllers\Residente))
11 SYSTEMPATH\CodeIgniter.php(361): CodeIgniter\CodeIgniter->handleRequest(null, Object(Config\Cache), false)
12 FCPATH\index.php(79): CodeIgniter\CodeIgniter->run()
13 SYSTEMPATH\Commands\Server\rewrite.php(47): require_once('C:\\xampp\\htdocs\\PROYECTO-API\\PROYECTO-API\\public\\index.php')
CRITICAL - 2024-05-28 00:58:49 --> [Caused by] mysqli_sql_exception: Table 'baseapcr.residente' doesn't exist
in SYSTEMPATH\Database\MySQLi\Connection.php on line 306.
 1 SYSTEMPATH\Database\MySQLi\Connection.php(306): mysqli->query('SELECT 1
FROM `residente`
WHERE `identificacion` = \'123456789\'
 LIMIT 1', 0)
 2 SYSTEMPATH\Database\BaseConnection.php(693): CodeIgniter\Database\MySQLi\Connection->execute('SELECT 1
FROM `residente`
WHERE `identificacion` = \'123456789\'
 LIMIT 1')
 3 SYSTEMPATH\Database\BaseConnection.php(607): CodeIgniter\Database\BaseConnection->simpleQuery('SELECT 1
FROM `residente`
WHERE `identificacion` = \'123456789\'
 LIMIT 1')
 4 SYSTEMPATH\Database\BaseBuilder.php(1616): CodeIgniter\Database\BaseConnection->query('SELECT 1
FROM `residente`
WHERE `identificacion` = :identificacion:
 LIMIT 1', [...], false)
 5 SYSTEMPATH\Validation\StrictRules\Rules.php(227): CodeIgniter\Database\BaseBuilder->get()
 6 SYSTEMPATH\Validation\Validation.php(328): CodeIgniter\Validation\StrictRules\Rules->is_unique('123456789', 'identificacion', [...], null, 'identificacion')
 7 SYSTEMPATH\Validation\Validation.php(200): CodeIgniter\Validation\Validation->processRules('identificacion', 'identificacion', '123456789', [...], [...])
 8 SYSTEMPATH\Controller.php(154): CodeIgniter\Validation\Validation->run()
 9 APPPATH\Controllers\Residente.php(27): CodeIgniter\Controller->validate([...])
10 SYSTEMPATH\CodeIgniter.php(943): App\Controllers\Residente->insert()
11 SYSTEMPATH\CodeIgniter.php(503): CodeIgniter\CodeIgniter->runController(Object(App\Controllers\Residente))
12 SYSTEMPATH\CodeIgniter.php(361): CodeIgniter\CodeIgniter->handleRequest(null, Object(Config\Cache), false)
13 FCPATH\index.php(79): CodeIgniter\CodeIgniter->run()
14 SYSTEMPATH\Commands\Server\rewrite.php(47): require_once('C:\\xampp\\htdocs\\PROYECTO-API\\PROYECTO-API\\public\\index.php')
CRITICAL - 2024-05-28 01:08:19 --> Firebase\JWT\ExpiredException: Expired token
in VENDORPATH\firebase\php-jwt\src\JWT.php on line 176.
 1 APPPATH\Filters\AuthFilter.php(48): Firebase\JWT\JWT::decode('eyJ0eXAiOiJKV1QiLCJhbGciOiJIUzI1NiJ9.eyJpc3MiOiJJc3N1ZXIgb2YgdGhlIEpXVCIsImF1ZCI6IkF1ZGllbmNlIHRoYXQgdGhlIEpXVCIsInN1YiI6IlN1YmplY3Qgb2YgdGhlIEpXVCIsImlhdCI6MTcxNjg1NDg2OSwiZXhwIjoxNzE2ODU4NDY5LCJlbWFpbCI6ImNhbWlsbzFAZ21haWwuY29tIn0.JxMUXx5pH59TsMdDpkFqBW9QEe5LC_f5CMHuViUUh7E', Object(Firebase\JWT\Key))
 2 SYSTEMPATH\Filters\Filters.php(182): App\Filters\AuthFilter->before(Object(CodeIgniter\HTTP\IncomingRequest), null)
 3 SYSTEMPATH\CodeIgniter.php(475): CodeIgniter\Filters\Filters->run('api/residente-insert', 'before')
 4 SYSTEMPATH\CodeIgniter.php(361): CodeIgniter\CodeIgniter->handleRequest(null, Object(Config\Cache), false)
 5 FCPATH\index.php(79): CodeIgniter\CodeIgniter->run()
 6 SYSTEMPATH\Commands\Server\rewrite.php(47): require_once('C:\\xampp\\htdocs\\PROYECTO-API\\PROYECTO-API\\public\\index.php')
CRITICAL - 2024-05-28 01:16:58 --> CodeIgniter\Database\Exceptions\DataException: There is no data to update.
in SYSTEMPATH\BaseModel.php on line 1781.
 1 SYSTEMPATH\BaseModel.php(1781): CodeIgniter\Database\Exceptions\DataException::forEmptyDataset('update')
 2 SYSTEMPATH\BaseModel.php(959): CodeIgniter\BaseModel->transformDataToArray(null, 'update')
 3 SYSTEMPATH\Model.php(812): CodeIgniter\BaseModel->update([...], null)
 4 APPPATH\Controllers\Residente.php(70): CodeIgniter\Model->update([...])
 5 SYSTEMPATH\CodeIgniter.php(943): App\Controllers\Residente->update()
 6 SYSTEMPATH\CodeIgniter.php(503): CodeIgniter\CodeIgniter->runController(Object(App\Controllers\Residente))
 7 SYSTEMPATH\CodeIgniter.php(361): CodeIgniter\CodeIgniter->handleRequest(null, Object(Config\Cache), false)
 8 FCPATH\index.php(79): CodeIgniter\CodeIgniter->run()
 9 SYSTEMPATH\Commands\Server\rewrite.php(47): require_once('C:\\xampp\\htdocs\\PROYECTO-API\\PROYECTO-API\\public\\index.php')
CRITICAL - 2024-05-28 01:27:20 --> ErrorException: Undefined variable $model
in APPPATH\Controllers\Residente.php on line 67.
 1 APPPATH\Controllers\Residente.php(67): CodeIgniter\Debug\Exceptions->errorHandler(2, 'Undefined variable $model', 'C:\\xampp\\htdocs\\PROYECTO-API\\PROYECTO-API\\app\\Controllers\\Residente.php', 67)
 2 SYSTEMPATH\CodeIgniter.php(943): App\Controllers\Residente->update()
 3 SYSTEMPATH\CodeIgniter.php(503): CodeIgniter\CodeIgniter->runController(Object(App\Controllers\Residente))
 4 SYSTEMPATH\CodeIgniter.php(361): CodeIgniter\CodeIgniter->handleRequest(null, Object(Config\Cache), false)
 5 FCPATH\index.php(79): CodeIgniter\CodeIgniter->run()
 6 SYSTEMPATH\Commands\Server\rewrite.php(47): require_once('C:\\xampp\\htdocs\\PROYECTO-API\\PROYECTO-API\\public\\index.php')
CRITICAL - 2024-05-28 01:27:43 --> CodeIgniter\Database\Exceptions\DataException: There is no data to update.
in SYSTEMPATH\BaseModel.php on line 1781.
 1 SYSTEMPATH\BaseModel.php(1781): CodeIgniter\Database\Exceptions\DataException::forEmptyDataset('update')
 2 SYSTEMPATH\BaseModel.php(959): CodeIgniter\BaseModel->transformDataToArray(null, 'update')
 3 SYSTEMPATH\Model.php(812): CodeIgniter\BaseModel->update([...], null)
 4 APPPATH\Controllers\Residente.php(67): CodeIgniter\Model->update([...])
 5 SYSTEMPATH\CodeIgniter.php(943): App\Controllers\Residente->update()
 6 SYSTEMPATH\CodeIgniter.php(503): CodeIgniter\CodeIgniter->runController(Object(App\Controllers\Residente))
 7 SYSTEMPATH\CodeIgniter.php(361): CodeIgniter\CodeIgniter->handleRequest(null, Object(Config\Cache), false)
 8 FCPATH\index.php(79): CodeIgniter\CodeIgniter->run()
 9 SYSTEMPATH\Commands\Server\rewrite.php(47): require_once('C:\\xampp\\htdocs\\PROYECTO-API\\PROYECTO-API\\public\\index.php')
CRITICAL - 2024-05-28 01:53:58 --> Error: Call to a member function delete() on array
in APPPATH\Controllers\Residente.php on line 100.
 1 SYSTEMPATH\CodeIgniter.php(943): App\Controllers\Residente->delete()
 2 SYSTEMPATH\CodeIgniter.php(503): CodeIgniter\CodeIgniter->runController(Object(App\Controllers\Residente))
 3 SYSTEMPATH\CodeIgniter.php(361): CodeIgniter\CodeIgniter->handleRequest(null, Object(Config\Cache), false)
 4 FCPATH\index.php(79): CodeIgniter\CodeIgniter->run()
 5 SYSTEMPATH\Commands\Server\rewrite.php(47): require_once('C:\\xampp\\htdocs\\PROYECTO-API\\PROYECTO-API\\public\\index.php')
CRITICAL - 2024-05-28 01:54:25 --> Error: Object of class App\Models\ResidenteModel could not be converted to string
in APPPATH\Controllers\Residente.php on line 100.
 1 SYSTEMPATH\CodeIgniter.php(943): App\Controllers\Residente->delete()
 2 SYSTEMPATH\CodeIgniter.php(503): CodeIgniter\CodeIgniter->runController(Object(App\Controllers\Residente))
 3 SYSTEMPATH\CodeIgniter.php(361): CodeIgniter\CodeIgniter->handleRequest(null, Object(Config\Cache), false)
 4 FCPATH\index.php(79): CodeIgniter\CodeIgniter->run()
 5 SYSTEMPATH\Commands\Server\rewrite.php(47): require_once('C:\\xampp\\htdocs\\PROYECTO-API\\PROYECTO-API\\public\\index.php')
CRITICAL - 2024-05-28 01:54:48 --> Error: Object of class App\Models\ResidenteModel could not be converted to string
in APPPATH\Controllers\Residente.php on line 100.
 1 SYSTEMPATH\CodeIgniter.php(943): App\Controllers\Residente->delete()
 2 SYSTEMPATH\CodeIgniter.php(503): CodeIgniter\CodeIgniter->runController(Object(App\Controllers\Residente))
 3 SYSTEMPATH\CodeIgniter.php(361): CodeIgniter\CodeIgniter->handleRequest(null, Object(Config\Cache), false)
 4 FCPATH\index.php(79): CodeIgniter\CodeIgniter->run()
 5 SYSTEMPATH\Commands\Server\rewrite.php(47): require_once('C:\\xampp\\htdocs\\PROYECTO-API\\PROYECTO-API\\public\\index.php')
CRITICAL - 2024-05-28 01:55:05 --> CodeIgniter\Database\Exceptions\DatabaseException: Deletes are not allowed unless they contain a "where" or "like" clause.
in SYSTEMPATH\Database\BaseBuilder.php on line 2763.
 1 SYSTEMPATH\Model.php(454): CodeIgniter\Database\BaseBuilder->delete()
 2 SYSTEMPATH\BaseModel.php(1120): CodeIgniter\Model->doDelete(null, false)
 3 APPPATH\Controllers\Residente.php(100): CodeIgniter\BaseModel->delete(null)
 4 SYSTEMPATH\CodeIgniter.php(943): App\Controllers\Residente->delete()
 5 SYSTEMPATH\CodeIgniter.php(503): CodeIgniter\CodeIgniter->runController(Object(App\Controllers\Residente))
 6 SYSTEMPATH\CodeIgniter.php(361): CodeIgniter\CodeIgniter->handleRequest(null, Object(Config\Cache), false)
 7 FCPATH\index.php(79): CodeIgniter\CodeIgniter->run()
 8 SYSTEMPATH\Commands\Server\rewrite.php(47): require_once('C:\\xampp\\htdocs\\PROYECTO-API\\PROYECTO-API\\public\\index.php')
CRITICAL - 2024-05-28 01:58:09 --> ErrorException: Undefined variable $residente
in APPPATH\Controllers\Residente.php on line 98.
 1 APPPATH\Controllers\Residente.php(98): CodeIgniter\Debug\Exceptions->errorHandler(2, 'Undefined variable $residente', 'C:\\xampp\\htdocs\\PROYECTO-API\\PROYECTO-API\\app\\Controllers\\Residente.php', 98)
 2 SYSTEMPATH\CodeIgniter.php(943): App\Controllers\Residente->delete()
 3 SYSTEMPATH\CodeIgniter.php(503): CodeIgniter\CodeIgniter->runController(Object(App\Controllers\Residente))
 4 SYSTEMPATH\CodeIgniter.php(361): CodeIgniter\CodeIgniter->handleRequest(null, Object(Config\Cache), false)
 5 FCPATH\index.php(79): CodeIgniter\CodeIgniter->run()
 6 SYSTEMPATH\Commands\Server\rewrite.php(47): require_once('C:\\xampp\\htdocs\\PROYECTO-API\\PROYECTO-API\\public\\index.php')
CRITICAL - 2024-05-28 02:02:50 --> ErrorException: Undefined variable $id_residente
in APPPATH\Controllers\Residente.php on line 99.
 1 APPPATH\Controllers\Residente.php(99): CodeIgniter\Debug\Exceptions->errorHandler(2, 'Undefined variable $id_residente', 'C:\\xampp\\htdocs\\PROYECTO-API\\PROYECTO-API\\app\\Controllers\\Residente.php', 99)
 2 SYSTEMPATH\CodeIgniter.php(943): App\Controllers\Residente->delete()
 3 SYSTEMPATH\CodeIgniter.php(503): CodeIgniter\CodeIgniter->runController(Object(App\Controllers\Residente))
 4 SYSTEMPATH\CodeIgniter.php(361): CodeIgniter\CodeIgniter->handleRequest(null, Object(Config\Cache), false)
 5 FCPATH\index.php(79): CodeIgniter\CodeIgniter->run()
 6 SYSTEMPATH\Commands\Server\rewrite.php(47): require_once('C:\\xampp\\htdocs\\PROYECTO-API\\PROYECTO-API\\public\\index.php')
CRITICAL - 2024-05-28 02:03:03 --> ArgumentCountError: Too few arguments to function App\Controllers\Residente::delete(), 0 passed in C:\xampp\htdocs\PROYECTO-API\PROYECTO-API\vendor\codeigniter4\framework\system\CodeIgniter.php on line 943 and exactly 1 expected
in APPPATH\Controllers\Residente.php on line 95.
 1 SYSTEMPATH\CodeIgniter.php(943): App\Controllers\Residente->delete()
 2 SYSTEMPATH\CodeIgniter.php(503): CodeIgniter\CodeIgniter->runController(Object(App\Controllers\Residente))
 3 SYSTEMPATH\CodeIgniter.php(361): CodeIgniter\CodeIgniter->handleRequest(null, Object(Config\Cache), false)
 4 FCPATH\index.php(79): CodeIgniter\CodeIgniter->run()
 5 SYSTEMPATH\Commands\Server\rewrite.php(47): require_once('C:\\xampp\\htdocs\\PROYECTO-API\\PROYECTO-API\\public\\index.php')
CRITICAL - 2024-05-28 02:06:54 --> CodeIgniter\Database\Exceptions\DatabaseException: Deletes are not allowed unless they contain a "where" or "like" clause.
in SYSTEMPATH\Database\BaseBuilder.php on line 2763.
 1 SYSTEMPATH\Model.php(454): CodeIgniter\Database\BaseBuilder->delete()
 2 SYSTEMPATH\BaseModel.php(1120): CodeIgniter\Model->doDelete(null, false)
 3 APPPATH\Controllers\Residente.php(101): CodeIgniter\BaseModel->delete(null)
 4 SYSTEMPATH\CodeIgniter.php(943): App\Controllers\Residente->delete()
 5 SYSTEMPATH\CodeIgniter.php(503): CodeIgniter\CodeIgniter->runController(Object(App\Controllers\Residente))
 6 SYSTEMPATH\CodeIgniter.php(361): CodeIgniter\CodeIgniter->handleRequest(null, Object(Config\Cache), false)
 7 FCPATH\index.php(79): CodeIgniter\CodeIgniter->run()
 8 SYSTEMPATH\Commands\Server\rewrite.php(47): require_once('C:\\xampp\\htdocs\\PROYECTO-API\\PROYECTO-API\\public\\index.php')
CRITICAL - 2024-05-28 02:07:09 --> TypeError: CodeIgniter\BaseModel::delete(): Argument #2 ($purge) must be of type bool, array given, called in C:\xampp\htdocs\PROYECTO-API\PROYECTO-API\app\Controllers\Residente.php on line 101
in SYSTEMPATH\BaseModel.php on line 1097.
 1 APPPATH\Controllers\Residente.php(101): CodeIgniter\BaseModel->delete(null, [...])
 2 SYSTEMPATH\CodeIgniter.php(943): App\Controllers\Residente->delete()
 3 SYSTEMPATH\CodeIgniter.php(503): CodeIgniter\CodeIgniter->runController(Object(App\Controllers\Residente))
 4 SYSTEMPATH\CodeIgniter.php(361): CodeIgniter\CodeIgniter->handleRequest(null, Object(Config\Cache), false)
 5 FCPATH\index.php(79): CodeIgniter\CodeIgniter->run()
 6 SYSTEMPATH\Commands\Server\rewrite.php(47): require_once('C:\\xampp\\htdocs\\PROYECTO-API\\PROYECTO-API\\public\\index.php')
CRITICAL - 2024-05-28 02:07:37 --> TypeError: CodeIgniter\BaseModel::delete(): Argument #2 ($purge) must be of type bool, array given, called in C:\xampp\htdocs\PROYECTO-API\PROYECTO-API\app\Controllers\Residente.php on line 101
in SYSTEMPATH\BaseModel.php on line 1097.
 1 APPPATH\Controllers\Residente.php(101): CodeIgniter\BaseModel->delete(null, [...])
 2 SYSTEMPATH\CodeIgniter.php(943): App\Controllers\Residente->delete()
 3 SYSTEMPATH\CodeIgniter.php(503): CodeIgniter\CodeIgniter->runController(Object(App\Controllers\Residente))
 4 SYSTEMPATH\CodeIgniter.php(361): CodeIgniter\CodeIgniter->handleRequest(null, Object(Config\Cache), false)
 5 FCPATH\index.php(79): CodeIgniter\CodeIgniter->run()
 6 SYSTEMPATH\Commands\Server\rewrite.php(47): require_once('C:\\xampp\\htdocs\\PROYECTO-API\\PROYECTO-API\\public\\index.php')
CRITICAL - 2024-05-28 02:11:05 --> Firebase\JWT\ExpiredException: Expired token
in VENDORPATH\firebase\php-jwt\src\JWT.php on line 176.
 1 APPPATH\Filters\AuthFilter.php(48): Firebase\JWT\JWT::decode('eyJ0eXAiOiJKV1QiLCJhbGciOiJIUzI1NiJ9.eyJpc3MiOiJJc3N1ZXIgb2YgdGhlIEpXVCIsImF1ZCI6IkF1ZGllbmNlIHRoYXQgdGhlIEpXVCIsInN1YiI6IlN1YmplY3Qgb2YgdGhlIEpXVCIsImlhdCI6MTcxNjg1ODUwOSwiZXhwIjoxNzE2ODYyMTA5LCJlbWFpbCI6ImNhbWlsbzFAZ21haWwuY29tIn0.o_oMybd3kjtdykRfnz04KA25iahyNBzfrD05BHDIcxc', Object(Firebase\JWT\Key))
 2 SYSTEMPATH\Filters\Filters.php(182): App\Filters\AuthFilter->before(Object(CodeIgniter\HTTP\IncomingRequest), null)
 3 SYSTEMPATH\CodeIgniter.php(475): CodeIgniter\Filters\Filters->run('api/residente-delete', 'before')
 4 SYSTEMPATH\CodeIgniter.php(361): CodeIgniter\CodeIgniter->handleRequest(null, Object(Config\Cache), false)
 5 FCPATH\index.php(79): CodeIgniter\CodeIgniter->run()
 6 SYSTEMPATH\Commands\Server\rewrite.php(47): require_once('C:\\xampp\\htdocs\\PROYECTO-API\\PROYECTO-API\\public\\index.php')
CRITICAL - 2024-05-28 02:16:34 --> TypeError: CodeIgniter\BaseModel::delete(): Argument #2 ($purge) must be of type bool, null given, called in C:\xampp\htdocs\PROYECTO-API\PROYECTO-API\app\Controllers\Residente.php on line 99
in SYSTEMPATH\BaseModel.php on line 1097.
 1 APPPATH\Controllers\Residente.php(99): CodeIgniter\BaseModel->delete('id_residente', null)
 2 SYSTEMPATH\CodeIgniter.php(943): App\Controllers\Residente->delete()
 3 SYSTEMPATH\CodeIgniter.php(503): CodeIgniter\CodeIgniter->runController(Object(App\Controllers\Residente))
 4 SYSTEMPATH\CodeIgniter.php(361): CodeIgniter\CodeIgniter->handleRequest(null, Object(Config\Cache), false)
 5 FCPATH\index.php(79): CodeIgniter\CodeIgniter->run()
 6 SYSTEMPATH\Commands\Server\rewrite.php(47): require_once('C:\\xampp\\htdocs\\PROYECTO-API\\PROYECTO-API\\public\\index.php')
CRITICAL - 2024-05-28 02:24:19 --> CodeIgniter\Database\Exceptions\DataException: There is no data to update.
in SYSTEMPATH\BaseModel.php on line 1781.
 1 SYSTEMPATH\BaseModel.php(1781): CodeIgniter\Database\Exceptions\DataException::forEmptyDataset('update')
 2 SYSTEMPATH\BaseModel.php(959): CodeIgniter\BaseModel->transformDataToArray(null, 'update')
 3 SYSTEMPATH\Model.php(812): CodeIgniter\BaseModel->update([...], null)
 4 APPPATH\Controllers\Residente.php(100): CodeIgniter\Model->update([...])
 5 SYSTEMPATH\CodeIgniter.php(943): App\Controllers\Residente->delete()
 6 SYSTEMPATH\CodeIgniter.php(503): CodeIgniter\CodeIgniter->runController(Object(App\Controllers\Residente))
 7 SYSTEMPATH\CodeIgniter.php(361): CodeIgniter\CodeIgniter->handleRequest(null, Object(Config\Cache), false)
 8 FCPATH\index.php(79): CodeIgniter\CodeIgniter->run()
 9 SYSTEMPATH\Commands\Server\rewrite.php(47): require_once('C:\\xampp\\htdocs\\PROYECTO-API\\PROYECTO-API\\public\\index.php')
CRITICAL - 2024-05-28 02:36:07 --> CodeIgniter\Database\Exceptions\DatabaseException: Deletes are not allowed unless they contain a "where" or "like" clause.
in SYSTEMPATH\Database\BaseBuilder.php on line 2763.
 1 SYSTEMPATH\Model.php(454): CodeIgniter\Database\BaseBuilder->delete()
 2 SYSTEMPATH\BaseModel.php(1120): CodeIgniter\Model->doDelete(null, false)
 3 APPPATH\Controllers\Residente.php(101): CodeIgniter\BaseModel->delete(null)
 4 SYSTEMPATH\CodeIgniter.php(943): App\Controllers\Residente->delete()
 5 SYSTEMPATH\CodeIgniter.php(503): CodeIgniter\CodeIgniter->runController(Object(App\Controllers\Residente))
 6 SYSTEMPATH\CodeIgniter.php(361): CodeIgniter\CodeIgniter->handleRequest(null, Object(Config\Cache), false)
 7 FCPATH\index.php(79): CodeIgniter\CodeIgniter->run()
 8 SYSTEMPATH\Commands\Server\rewrite.php(47): require_once('C:\\xampp\\htdocs\\PROYECTO-API\\PROYECTO-API\\public\\index.php')
CRITICAL - 2024-05-28 02:36:18 --> TypeError: CodeIgniter\BaseModel::delete(): Argument #2 ($purge) must be of type bool, array given, called in C:\xampp\htdocs\PROYECTO-API\PROYECTO-API\app\Controllers\Residente.php on line 101
in SYSTEMPATH\BaseModel.php on line 1097.
 1 APPPATH\Controllers\Residente.php(101): CodeIgniter\BaseModel->delete(null, [...])
 2 SYSTEMPATH\CodeIgniter.php(943): App\Controllers\Residente->delete()
 3 SYSTEMPATH\CodeIgniter.php(503): CodeIgniter\CodeIgniter->runController(Object(App\Controllers\Residente))
 4 SYSTEMPATH\CodeIgniter.php(361): CodeIgniter\CodeIgniter->handleRequest(null, Object(Config\Cache), false)
 5 FCPATH\index.php(79): CodeIgniter\CodeIgniter->run()
 6 SYSTEMPATH\Commands\Server\rewrite.php(47): require_once('C:\\xampp\\htdocs\\PROYECTO-API\\PROYECTO-API\\public\\index.php')
CRITICAL - 2024-05-28 02:36:33 --> ErrorException: Undefined variable $id_residente
in APPPATH\Controllers\Residente.php on line 101.
 1 APPPATH\Controllers\Residente.php(101): CodeIgniter\Debug\Exceptions->errorHandler(2, 'Undefined variable $id_residente', 'C:\\xampp\\htdocs\\PROYECTO-API\\PROYECTO-API\\app\\Controllers\\Residente.php', 101)
 2 SYSTEMPATH\CodeIgniter.php(943): App\Controllers\Residente->delete()
 3 SYSTEMPATH\CodeIgniter.php(503): CodeIgniter\CodeIgniter->runController(Object(App\Controllers\Residente))
 4 SYSTEMPATH\CodeIgniter.php(361): CodeIgniter\CodeIgniter->handleRequest(null, Object(Config\Cache), false)
 5 FCPATH\index.php(79): CodeIgniter\CodeIgniter->run()
 6 SYSTEMPATH\Commands\Server\rewrite.php(47): require_once('C:\\xampp\\htdocs\\PROYECTO-API\\PROYECTO-API\\public\\index.php')
CRITICAL - 2024-05-28 02:37:17 --> InvalidArgumentException: delete(): argument #1 ($id) should not be boolean.
in SYSTEMPATH\BaseModel.php on line 1100.
 1 APPPATH\Controllers\Residente.php(101): CodeIgniter\BaseModel->delete(true)
 2 SYSTEMPATH\CodeIgniter.php(943): App\Controllers\Residente->delete()
 3 SYSTEMPATH\CodeIgniter.php(503): CodeIgniter\CodeIgniter->runController(Object(App\Controllers\Residente))
 4 SYSTEMPATH\CodeIgniter.php(361): CodeIgniter\CodeIgniter->handleRequest(null, Object(Config\Cache), false)
 5 FCPATH\index.php(79): CodeIgniter\CodeIgniter->run()
 6 SYSTEMPATH\Commands\Server\rewrite.php(47): require_once('C:\\xampp\\htdocs\\PROYECTO-API\\PROYECTO-API\\public\\index.php')
CRITICAL - 2024-05-28 02:41:00 --> InvalidArgumentException: delete(): argument #1 ($id) should not be boolean.
in SYSTEMPATH\BaseModel.php on line 1100.
 1 APPPATH\Controllers\Residente.php(101): CodeIgniter\BaseModel->delete(true)
 2 SYSTEMPATH\CodeIgniter.php(943): App\Controllers\Residente->delete()
 3 SYSTEMPATH\CodeIgniter.php(503): CodeIgniter\CodeIgniter->runController(Object(App\Controllers\Residente))
 4 SYSTEMPATH\CodeIgniter.php(361): CodeIgniter\CodeIgniter->handleRequest(null, Object(Config\Cache), false)
 5 FCPATH\index.php(79): CodeIgniter\CodeIgniter->run()
 6 SYSTEMPATH\Commands\Server\rewrite.php(47): require_once('C:\\xampp\\htdocs\\PROYECTO-API\\PROYECTO-API\\public\\index.php')
CRITICAL - 2024-05-28 02:53:10 --> ErrorException: Undefined array key "id_residente"
in APPPATH\Controllers\Residente.php on line 101.
 1 APPPATH\Controllers\Residente.php(101): CodeIgniter\Debug\Exceptions->errorHandler(2, 'Undefined array key "id_residente"', 'C:\\xampp\\htdocs\\PROYECTO-API\\PROYECTO-API\\app\\Controllers\\Residente.php', 101)
 2 SYSTEMPATH\CodeIgniter.php(943): App\Controllers\Residente->delete()
 3 SYSTEMPATH\CodeIgniter.php(503): CodeIgniter\CodeIgniter->runController(Object(App\Controllers\Residente))
 4 SYSTEMPATH\CodeIgniter.php(361): CodeIgniter\CodeIgniter->handleRequest(null, Object(Config\Cache), false)
 5 FCPATH\index.php(79): CodeIgniter\CodeIgniter->run()
 6 SYSTEMPATH\Commands\Server\rewrite.php(47): require_once('C:\\xampp\\htdocs\\PROYECTO-API\\PROYECTO-API\\public\\index.php')
CRITICAL - 2024-05-28 03:05:19 --> CodeIgniter\HTTP\Exceptions\BadRequestException: The URI you submitted has disallowed characters: "(:num)"
in SYSTEMPATH\Router\Router.php on line 704.
 1 SYSTEMPATH\Router\Router.php(195): CodeIgniter\Router\Router->checkDisallowedChars('api/residente-delete/(:num)')
 2 SYSTEMPATH\CodeIgniter.php(825): CodeIgniter\Router\Router->handle('api/residente-delete/(:num)')
 3 SYSTEMPATH\CodeIgniter.php(450): CodeIgniter\CodeIgniter->tryToRouteIt(Object(CodeIgniter\Router\RouteCollection))
 4 SYSTEMPATH\CodeIgniter.php(361): CodeIgniter\CodeIgniter->handleRequest(null, Object(Config\Cache), false)
 5 FCPATH\index.php(79): CodeIgniter\CodeIgniter->run()
 6 SYSTEMPATH\Commands\Server\rewrite.php(47): require_once('C:\\xampp\\htdocs\\PROYECTO-API\\PROYECTO-API\\public\\index.php')
CRITICAL - 2024-05-28 03:05:53 --> CodeIgniter\HTTP\Exceptions\BadRequestException: The URI you submitted has disallowed characters: "(:num)"
in SYSTEMPATH\Router\Router.php on line 704.
 1 SYSTEMPATH\Router\Router.php(195): CodeIgniter\Router\Router->checkDisallowedChars('api/residente-delete/(:num)')
 2 SYSTEMPATH\CodeIgniter.php(825): CodeIgniter\Router\Router->handle('api/residente-delete/(:num)')
 3 SYSTEMPATH\CodeIgniter.php(450): CodeIgniter\CodeIgniter->tryToRouteIt(Object(CodeIgniter\Router\RouteCollection))
 4 SYSTEMPATH\CodeIgniter.php(361): CodeIgniter\CodeIgniter->handleRequest(null, Object(Config\Cache), false)
 5 FCPATH\index.php(79): CodeIgniter\CodeIgniter->run()
 6 SYSTEMPATH\Commands\Server\rewrite.php(47): require_once('C:\\xampp\\htdocs\\PROYECTO-API\\PROYECTO-API\\public\\index.php')
CRITICAL - 2024-05-28 03:11:32 --> Firebase\JWT\ExpiredException: Expired token
in VENDORPATH\firebase\php-jwt\src\JWT.php on line 176.
 1 APPPATH\Filters\AuthFilter.php(48): Firebase\JWT\JWT::decode('eyJ0eXAiOiJKV1QiLCJhbGciOiJIUzI1NiJ9.eyJpc3MiOiJJc3N1ZXIgb2YgdGhlIEpXVCIsImF1ZCI6IkF1ZGllbmNlIHRoYXQgdGhlIEpXVCIsInN1YiI6IlN1YmplY3Qgb2YgdGhlIEpXVCIsImlhdCI6MTcxNjg2MjI3MSwiZXhwIjoxNzE2ODY1ODcxLCJlbWFpbCI6ImNhbWlsbzFAZ21haWwuY29tIn0.59jwy7O6RAsXyQeftRo6kqDXVTFb37b2pDNc4qnBmcI', Object(Firebase\JWT\Key))
 2 SYSTEMPATH\Filters\Filters.php(182): App\Filters\AuthFilter->before(Object(CodeIgniter\HTTP\IncomingRequest), null)
 3 SYSTEMPATH\CodeIgniter.php(475): CodeIgniter\Filters\Filters->run('api/residente-delete', 'before')
 4 SYSTEMPATH\CodeIgniter.php(361): CodeIgniter\CodeIgniter->handleRequest(null, Object(Config\Cache), false)
 5 FCPATH\index.php(79): CodeIgniter\CodeIgniter->run()
 6 SYSTEMPATH\Commands\Server\rewrite.php(47): require_once('C:\\xampp\\htdocs\\PROYECTO-API\\PROYECTO-API\\public\\index.php')
CRITICAL - 2024-05-28 03:12:50 --> ErrorException: Undefined variable $residente
in APPPATH\Controllers\Residente.php on line 99.
 1 APPPATH\Controllers\Residente.php(99): CodeIgniter\Debug\Exceptions->errorHandler(2, 'Undefined variable $residente', 'C:\\xampp\\htdocs\\PROYECTO-API\\PROYECTO-API\\app\\Controllers\\Residente.php', 99)
 2 SYSTEMPATH\CodeIgniter.php(943): App\Controllers\Residente->delete()
 3 SYSTEMPATH\CodeIgniter.php(503): CodeIgniter\CodeIgniter->runController(Object(App\Controllers\Residente))
 4 SYSTEMPATH\CodeIgniter.php(361): CodeIgniter\CodeIgniter->handleRequest(null, Object(Config\Cache), false)
 5 FCPATH\index.php(79): CodeIgniter\CodeIgniter->run()
 6 SYSTEMPATH\Commands\Server\rewrite.php(47): require_once('C:\\xampp\\htdocs\\PROYECTO-API\\PROYECTO-API\\public\\index.php')
CRITICAL - 2024-05-28 03:20:45 --> CodeIgniter\HTTP\Exceptions\BadRequestException: The URI you submitted has disallowed characters: "(:num)"
in SYSTEMPATH\Router\Router.php on line 704.
 1 SYSTEMPATH\Router\Router.php(195): CodeIgniter\Router\Router->checkDisallowedChars('api/residente-delete/(:num)')
 2 SYSTEMPATH\CodeIgniter.php(825): CodeIgniter\Router\Router->handle('api/residente-delete/(:num)')
 3 SYSTEMPATH\CodeIgniter.php(450): CodeIgniter\CodeIgniter->tryToRouteIt(Object(CodeIgniter\Router\RouteCollection))
 4 SYSTEMPATH\CodeIgniter.php(361): CodeIgniter\CodeIgniter->handleRequest(null, Object(Config\Cache), false)
 5 FCPATH\index.php(79): CodeIgniter\CodeIgniter->run()
 6 SYSTEMPATH\Commands\Server\rewrite.php(47): require_once('C:\\xampp\\htdocs\\PROYECTO-API\\PROYECTO-API\\public\\index.php')
CRITICAL - 2024-05-28 04:14:24 --> Firebase\JWT\ExpiredException: Expired token
in VENDORPATH\firebase\php-jwt\src\JWT.php on line 176.
 1 APPPATH\Filters\AuthFilter.php(48): Firebase\JWT\JWT::decode('eyJ0eXAiOiJKV1QiLCJhbGciOiJIUzI1NiJ9.eyJpc3MiOiJJc3N1ZXIgb2YgdGhlIEpXVCIsImF1ZCI6IkF1ZGllbmNlIHRoYXQgdGhlIEpXVCIsInN1YiI6IlN1YmplY3Qgb2YgdGhlIEpXVCIsImlhdCI6MTcxNjUxMzA3OSwiZXhwIjoxNzE2NTE2Njc5LCJlbWFpbCI6ImNhbWlsbzFAZ21haWwuY29tIn0.1YRuquL6brR_QfZqGXqbJJJ5DomAnyxo9_OgJ6nSdG4', Object(Firebase\JWT\Key))
 2 SYSTEMPATH\Filters\Filters.php(182): App\Filters\AuthFilter->before(Object(CodeIgniter\HTTP\IncomingRequest), null)
 3 SYSTEMPATH\CodeIgniter.php(475): CodeIgniter\Filters\Filters->run('api/parqueadero', 'before')
 4 SYSTEMPATH\CodeIgniter.php(361): CodeIgniter\CodeIgniter->handleRequest(null, Object(Config\Cache), false)
 5 FCPATH\index.php(79): CodeIgniter\CodeIgniter->run()
 6 SYSTEMPATH\Commands\Server\rewrite.php(47): require_once('C:\\xampp\\htdocs\\PROYECTO-API\\PROYECTO-API\\public\\index.php')
CRITICAL - 2024-05-28 04:22:14 --> Firebase\JWT\ExpiredException: Expired token
in VENDORPATH\firebase\php-jwt\src\JWT.php on line 176.
 1 APPPATH\Filters\AuthFilter.php(48): Firebase\JWT\JWT::decode('eyJ0eXAiOiJKV1QiLCJhbGciOiJIUzI1NiJ9.eyJpc3MiOiJJc3N1ZXIgb2YgdGhlIEpXVCIsImF1ZCI6IkF1ZGllbmNlIHRoYXQgdGhlIEpXVCIsInN1YiI6IlN1YmplY3Qgb2YgdGhlIEpXVCIsImlhdCI6MTcxNjg2NTg5OCwiZXhwIjoxNzE2ODY5NDk4LCJlbWFpbCI6ImNhbWlsbzFAZ21haWwuY29tIn0.67mCa6XZ9eE7S_HbIc-UJtVO2_8m-VJcfP0kNE2l1Tc', Object(Firebase\JWT\Key))
 2 SYSTEMPATH\Filters\Filters.php(182): App\Filters\AuthFilter->before(Object(CodeIgniter\HTTP\IncomingRequest), null)
 3 SYSTEMPATH\CodeIgniter.php(475): CodeIgniter\Filters\Filters->run('api/residente-delete', 'before')
 4 SYSTEMPATH\CodeIgniter.php(361): CodeIgniter\CodeIgniter->handleRequest(null, Object(Config\Cache), false)
 5 FCPATH\index.php(79): CodeIgniter\CodeIgniter->run()
 6 SYSTEMPATH\Commands\Server\rewrite.php(47): require_once('C:\\xampp\\htdocs\\PROYECTO-API\\PROYECTO-API\\public\\index.php')
CRITICAL - 2024-05-28 04:42:24 --> Error: Object of class App\Models\ResidenteModel could not be converted to string
in APPPATH\Controllers\Residente.php on line 103.
 1 SYSTEMPATH\CodeIgniter.php(943): App\Controllers\Residente->delete()
 2 SYSTEMPATH\CodeIgniter.php(503): CodeIgniter\CodeIgniter->runController(Object(App\Controllers\Residente))
 3 SYSTEMPATH\CodeIgniter.php(361): CodeIgniter\CodeIgniter->handleRequest(null, Object(Config\Cache), false)
 4 FCPATH\index.php(79): CodeIgniter\CodeIgniter->run()
 5 SYSTEMPATH\Commands\Server\rewrite.php(47): require_once('C:\\xampp\\htdocs\\PROYECTO-API\\PROYECTO-API\\public\\index.php')
CRITICAL - 2024-05-28 04:42:43 --> ErrorException: Array to string conversion
in SYSTEMPATH\Database\Query.php on line 327.
 1 [internal function]: CodeIgniter\Debug\Exceptions->errorHandler(2, 'Array to string conversion', 'C:\\xampp\\htdocs\\PROYECTO-API\\PROYECTO-API\\vendor\\codeigniter4\\framework\\system\\Database\\Query.php', 327)
 2 SYSTEMPATH\Database\Query.php(327): implode(',', [...])
 3 SYSTEMPATH\Database\Query.php(308): CodeIgniter\Database\Query->matchNamedBinds('DELETE FROM `tb_residente`
WHERE `id_residente` IN :id_residente:', [...])
 4 SYSTEMPATH\Database\Query.php(159): CodeIgniter\Database\Query->compileBinds()
 5 SYSTEMPATH\Database\BaseConnection.php(607): CodeIgniter\Database\Query->getQuery()
 6 SYSTEMPATH\Database\BaseBuilder.php(2787): CodeIgniter\Database\BaseConnection->query('DELETE FROM `tb_residente`
WHERE `id_residente` IN :id_residente:', [...], false)
 7 SYSTEMPATH\Model.php(454): CodeIgniter\Database\BaseBuilder->delete()
 8 SYSTEMPATH\BaseModel.php(1120): CodeIgniter\Model->doDelete([...], false)
 9 APPPATH\Controllers\Residente.php(103): CodeIgniter\BaseModel->delete([...])
10 SYSTEMPATH\CodeIgniter.php(943): App\Controllers\Residente->delete()
11 SYSTEMPATH\CodeIgniter.php(503): CodeIgniter\CodeIgniter->runController(Object(App\Controllers\Residente))
12 SYSTEMPATH\CodeIgniter.php(361): CodeIgniter\CodeIgniter->handleRequest(null, Object(Config\Cache), false)
13 FCPATH\index.php(79): CodeIgniter\CodeIgniter->run()
14 SYSTEMPATH\Commands\Server\rewrite.php(47): require_once('C:\\xampp\\htdocs\\PROYECTO-API\\PROYECTO-API\\public\\index.php')
CRITICAL - 2024-05-28 20:43:59 --> Firebase\JWT\ExpiredException: Expired token
in VENDORPATH\firebase\php-jwt\src\JWT.php on line 176.
 1 APPPATH\Filters\AuthFilter.php(48): Firebase\JWT\JWT::decode('eyJ0eXAiOiJKV1QiLCJhbGciOiJIUzI1NiJ9.eyJpc3MiOiJJc3N1ZXIgb2YgdGhlIEpXVCIsImF1ZCI6IkF1ZGllbmNlIHRoYXQgdGhlIEpXVCIsInN1YiI6IlN1YmplY3Qgb2YgdGhlIEpXVCIsImlhdCI6MTcxNjg2OTU2NCwiZXhwIjoxNzE2ODczMTY0LCJlbWFpbCI6ImNhbWlsbzFAZ21haWwuY29tIn0.jBdUY7RUlBvivKfctdHOyhokU8k8z6CZlWtbCL6f2SM', Object(Firebase\JWT\Key))
 2 SYSTEMPATH\Filters\Filters.php(182): App\Filters\AuthFilter->before(Object(CodeIgniter\HTTP\IncomingRequest), null)
 3 SYSTEMPATH\CodeIgniter.php(475): CodeIgniter\Filters\Filters->run('api/parqueadero', 'before')
 4 SYSTEMPATH\CodeIgniter.php(361): CodeIgniter\CodeIgniter->handleRequest(null, Object(Config\Cache), false)
 5 FCPATH\index.php(79): CodeIgniter\CodeIgniter->run()
 6 SYSTEMPATH\Commands\Server\rewrite.php(47): require_once('C:\\xampp\\htdocs\\PROYECTO-API\\PROYECTO-API\\public\\index.php')
CRITICAL - 2024-05-28 23:44:27 --> Error: Call to undefined function post()
in APPPATH\Config\Routes.php on line 18.
 1 SYSTEMPATH\Router\RouteCollection.php(779): CodeIgniter\Router\RouteCollection->{closure}(Object(CodeIgniter\Router\RouteCollection))
 2 APPPATH\Config\Routes.php(10): CodeIgniter\Router\RouteCollection->group('api', Object(Closure))
 3 SYSTEMPATH\Router\RouteCollection.php(345): require('C:\\xampp\\htdocs\\PROYECTO-API\\PROYECTO-API\\app\\Config\\Routes.php')
 4 SYSTEMPATH\CodeIgniter.php(811): CodeIgniter\Router\RouteCollection->loadRoutes()
 5 SYSTEMPATH\CodeIgniter.php(450): CodeIgniter\CodeIgniter->tryToRouteIt(null)
 6 SYSTEMPATH\CodeIgniter.php(361): CodeIgniter\CodeIgniter->handleRequest(null, Object(Config\Cache), false)
 7 FCPATH\index.php(79): CodeIgniter\CodeIgniter->run()
 8 SYSTEMPATH\Commands\Server\rewrite.php(47): require_once('C:\\xampp\\htdocs\\PROYECTO-API\\PROYECTO-API\\public\\index.php')
CRITICAL - 2024-05-28 23:44:54 --> Error: Call to undefined function post()
in APPPATH\Config\Routes.php on line 18.
 1 SYSTEMPATH\Router\RouteCollection.php(779): CodeIgniter\Router\RouteCollection->{closure}(Object(CodeIgniter\Router\RouteCollection))
 2 APPPATH\Config\Routes.php(10): CodeIgniter\Router\RouteCollection->group('api', Object(Closure))
 3 SYSTEMPATH\Router\RouteCollection.php(345): require('C:\\xampp\\htdocs\\PROYECTO-API\\PROYECTO-API\\app\\Config\\Routes.php')
 4 SYSTEMPATH\CodeIgniter.php(811): CodeIgniter\Router\RouteCollection->loadRoutes()
 5 SYSTEMPATH\CodeIgniter.php(450): CodeIgniter\CodeIgniter->tryToRouteIt(null)
 6 SYSTEMPATH\CodeIgniter.php(361): CodeIgniter\CodeIgniter->handleRequest(null, Object(Config\Cache), false)
 7 FCPATH\index.php(79): CodeIgniter\CodeIgniter->run()
 8 SYSTEMPATH\Commands\Server\rewrite.php(47): require_once('C:\\xampp\\htdocs\\PROYECTO-API\\PROYECTO-API\\public\\index.php')
CRITICAL - 2024-05-28 23:45:25 --> Error: Call to undefined function post()
in APPPATH\Config\Routes.php on line 18.
 1 SYSTEMPATH\Router\RouteCollection.php(779): CodeIgniter\Router\RouteCollection->{closure}(Object(CodeIgniter\Router\RouteCollection))
 2 APPPATH\Config\Routes.php(10): CodeIgniter\Router\RouteCollection->group('api', Object(Closure))
 3 SYSTEMPATH\Router\RouteCollection.php(345): require('C:\\xampp\\htdocs\\PROYECTO-API\\PROYECTO-API\\app\\Config\\Routes.php')
 4 SYSTEMPATH\CodeIgniter.php(811): CodeIgniter\Router\RouteCollection->loadRoutes()
 5 SYSTEMPATH\CodeIgniter.php(450): CodeIgniter\CodeIgniter->tryToRouteIt(null)
 6 SYSTEMPATH\CodeIgniter.php(361): CodeIgniter\CodeIgniter->handleRequest(null, Object(Config\Cache), false)
 7 FCPATH\index.php(79): CodeIgniter\CodeIgniter->run()
 8 SYSTEMPATH\Commands\Server\rewrite.php(47): require_once('C:\\xampp\\htdocs\\PROYECTO-API\\PROYECTO-API\\public\\index.php')
CRITICAL - 2024-05-28 23:45:36 --> Error: Call to undefined function post()
in APPPATH\Config\Routes.php on line 18.
 1 SYSTEMPATH\Router\RouteCollection.php(779): CodeIgniter\Router\RouteCollection->{closure}(Object(CodeIgniter\Router\RouteCollection))
 2 APPPATH\Config\Routes.php(10): CodeIgniter\Router\RouteCollection->group('api', Object(Closure))
 3 SYSTEMPATH\Router\RouteCollection.php(345): require('C:\\xampp\\htdocs\\PROYECTO-API\\PROYECTO-API\\app\\Config\\Routes.php')
 4 SYSTEMPATH\CodeIgniter.php(811): CodeIgniter\Router\RouteCollection->loadRoutes()
 5 SYSTEMPATH\CodeIgniter.php(450): CodeIgniter\CodeIgniter->tryToRouteIt(null)
 6 SYSTEMPATH\CodeIgniter.php(361): CodeIgniter\CodeIgniter->handleRequest(null, Object(Config\Cache), false)
 7 FCPATH\index.php(79): CodeIgniter\CodeIgniter->run()
 8 SYSTEMPATH\Commands\Server\rewrite.php(47): require_once('C:\\xampp\\htdocs\\PROYECTO-API\\PROYECTO-API\\public\\index.php')
CRITICAL - 2024-05-28 23:46:06 --> Error: Call to undefined function post()
in APPPATH\Config\Routes.php on line 18.
 1 SYSTEMPATH\Router\RouteCollection.php(779): CodeIgniter\Router\RouteCollection->{closure}(Object(CodeIgniter\Router\RouteCollection))
 2 APPPATH\Config\Routes.php(10): CodeIgniter\Router\RouteCollection->group('api', Object(Closure))
 3 SYSTEMPATH\Router\RouteCollection.php(345): require('C:\\xampp\\htdocs\\PROYECTO-API\\PROYECTO-API\\app\\Config\\Routes.php')
 4 SYSTEMPATH\CLI\Console.php(39): CodeIgniter\Router\RouteCollection->loadRoutes()
 5 ROOTPATH\spark(102): CodeIgniter\CLI\Console->run()
CRITICAL - 2024-05-28 23:46:35 --> Error: Call to undefined function post()
in APPPATH\Config\Routes.php on line 18.
 1 SYSTEMPATH\Router\RouteCollection.php(779): CodeIgniter\Router\RouteCollection->{closure}(Object(CodeIgniter\Router\RouteCollection))
 2 APPPATH\Config\Routes.php(10): CodeIgniter\Router\RouteCollection->group('api', Object(Closure))
 3 SYSTEMPATH\Router\RouteCollection.php(345): require('C:\\xampp\\htdocs\\PROYECTO-API\\PROYECTO-API\\app\\Config\\Routes.php')
 4 SYSTEMPATH\CLI\Console.php(39): CodeIgniter\Router\RouteCollection->loadRoutes()
 5 ROOTPATH\spark(102): CodeIgniter\CLI\Console->run()
CRITICAL - 2024-05-28 23:46:54 --> Error: Call to undefined function post()
in APPPATH\Config\Routes.php on line 18.
 1 SYSTEMPATH\Router\RouteCollection.php(779): CodeIgniter\Router\RouteCollection->{closure}(Object(CodeIgniter\Router\RouteCollection))
 2 APPPATH\Config\Routes.php(10): CodeIgniter\Router\RouteCollection->group('api', Object(Closure))
 3 SYSTEMPATH\Router\RouteCollection.php(345): require('C:\\xampp\\htdocs\\PROYECTO-API\\PROYECTO-API\\app\\Config\\Routes.php')
 4 SYSTEMPATH\CLI\Console.php(39): CodeIgniter\Router\RouteCollection->loadRoutes()
 5 ROOTPATH\spark(102): CodeIgniter\CLI\Console->run()
